[0.241s] DEBUG:colcon:Command line arguments: ['/usr/bin/colcon', 'build']
[0.242s] DEBUG:colcon:Parsed command line arguments: Namespace(log_base=None, log_level=None, verb_name='build', build_base='build', install_base='install', merge_install=False, symlink_install=False, test_result_base=None, continue_on_error=False, executor='parallel', parallel_workers=16, event_handlers=None, ignore_user_meta=False, metas=['./colcon.meta'], base_paths=['.'], packages_ignore=None, packages_ignore_regex=None, paths=None, packages_up_to=None, packages_up_to_regex=None, packages_above=None, packages_above_and_dependencies=None, packages_above_depth=None, packages_select_by_dep=None, packages_skip_by_dep=None, packages_skip_up_to=None, packages_select_build_failed=False, packages_skip_build_finished=False, packages_select_test_failures=False, packages_skip_test_passed=False, packages_select=None, packages_skip=None, packages_select_regex=None, packages_skip_regex=None, packages_start=None, packages_end=None, allow_overriding=[], cmake_args=None, cmake_target=None, cmake_target_skip_unavailable=False, cmake_clean_cache=False, cmake_clean_first=False, cmake_force_configure=False, ament_cmake_args=None, catkin_cmake_args=None, catkin_skip_building_tests=False, verb_parser=<colcon_defaults.argument_parser.defaults.DefaultArgumentsDecorator object at 0x74a14f74bbe0>, verb_extension=<colcon_core.verb.build.BuildVerb object at 0x74a14f74b520>, main=<bound method BuildVerb.main of <colcon_core.verb.build.BuildVerb object at 0x74a14f74b520>>)
[0.521s] Level 1:colcon.colcon_core.package_discovery:discover_packages(colcon_meta) check parameters
[0.522s] Level 1:colcon.colcon_core.package_discovery:discover_packages(recursive) check parameters
[0.522s] Level 1:colcon.colcon_core.package_discovery:discover_packages(ignore) check parameters
[0.522s] Level 1:colcon.colcon_core.package_discovery:discover_packages(path) check parameters
[0.522s] Level 1:colcon.colcon_core.package_discovery:discover_packages(colcon_meta) discover
[0.522s] Level 1:colcon.colcon_core.package_discovery:discover_packages(recursive) discover
[0.522s] INFO:colcon.colcon_core.package_discovery:Crawling recursively for packages in '/home/ubuntunya-faris/ITB/URO/ROS_Rasppi_to_STM_min-bluepill-/raspberry_pi_ws'
[0.522s] Level 1:colcon.colcon_core.package_identification:_identify(.) by extensions ['ignore', 'ignore_ament_install']
[0.523s] Level 1:colcon.colcon_core.package_identification:_identify(.) by extension 'ignore'
[0.523s] Level 1:colcon.colcon_core.package_identification:_identify(.) by extension 'ignore_ament_install'
[0.523s] Level 1:colcon.colcon_core.package_identification:_identify(.) by extensions ['colcon_pkg']
[0.523s] Level 1:colcon.colcon_core.package_identification:_identify(.) by extension 'colcon_pkg'
[0.523s] Level 1:colcon.colcon_core.package_identification:_identify(.) by extensions ['colcon_meta']
[0.523s] Level 1:colcon.colcon_core.package_identification:_identify(.) by extension 'colcon_meta'
[0.523s] Level 1:colcon.colcon_core.package_identification:_identify(.) by extensions ['ros']
[0.523s] Level 1:colcon.colcon_core.package_identification:_identify(.) by extension 'ros'
[0.608s] Level 1:colcon.colcon_core.package_identification:_identify(.) by extensions ['cmake', 'python']
[0.608s] Level 1:colcon.colcon_core.package_identification:_identify(.) by extension 'cmake'
[0.608s] Level 1:colcon.colcon_core.package_identification:_identify(.) by extension 'python'
[0.608s] Level 1:colcon.colcon_core.package_identification:_identify(.) by extensions ['python_setup_py']
[0.608s] Level 1:colcon.colcon_core.package_identification:_identify(.) by extension 'python_setup_py'
[0.609s] Level 1:colcon.colcon_core.package_identification:_identify(build) by extensions ['ignore', 'ignore_ament_install']
[0.609s] Level 1:colcon.colcon_core.package_identification:_identify(build) by extension 'ignore'
[0.609s] Level 1:colcon.colcon_core.package_identification:_identify(build) ignored
[0.609s] Level 1:colcon.colcon_core.package_identification:_identify(install) by extensions ['ignore', 'ignore_ament_install']
[0.609s] Level 1:colcon.colcon_core.package_identification:_identify(install) by extension 'ignore'
[0.609s] Level 1:colcon.colcon_core.package_identification:_identify(install) ignored
[0.609s] Level 1:colcon.colcon_core.package_identification:_identify(log) by extensions ['ignore', 'ignore_ament_install']
[0.609s] Level 1:colcon.colcon_core.package_identification:_identify(log) by extension 'ignore'
[0.609s] Level 1:colcon.colcon_core.package_identification:_identify(log) ignored
[0.610s] Level 1:colcon.colcon_core.package_identification:_identify(ngetestyahbot) by extensions ['ignore', 'ignore_ament_install']
[0.610s] Level 1:colcon.colcon_core.package_identification:_identify(ngetestyahbot) by extension 'ignore'
[0.610s] Level 1:colcon.colcon_core.package_identification:_identify(ngetestyahbot) by extension 'ignore_ament_install'
[0.610s] Level 1:colcon.colcon_core.package_identification:_identify(ngetestyahbot) by extensions ['colcon_pkg']
[0.610s] Level 1:colcon.colcon_core.package_identification:_identify(ngetestyahbot) by extension 'colcon_pkg'
[0.610s] Level 1:colcon.colcon_core.package_identification:_identify(ngetestyahbot) by extensions ['colcon_meta']
[0.610s] Level 1:colcon.colcon_core.package_identification:_identify(ngetestyahbot) by extension 'colcon_meta'
[0.610s] Level 1:colcon.colcon_core.package_identification:_identify(ngetestyahbot) by extensions ['ros']
[0.610s] Level 1:colcon.colcon_core.package_identification:_identify(ngetestyahbot) by extension 'ros'
[0.614s] DEBUG:colcon.colcon_core.package_identification:Package 'ngetestyahbot' with type 'ros.ament_cmake' and name 'ngetestyahbot'
[0.614s] Level 1:colcon.colcon_core.package_discovery:discover_packages(recursive) using defaults
[0.614s] Level 1:colcon.colcon_core.package_discovery:discover_packages(ignore) discover
[0.614s] Level 1:colcon.colcon_core.package_discovery:discover_packages(ignore) using defaults
[0.614s] Level 1:colcon.colcon_core.package_discovery:discover_packages(path) discover
[0.614s] Level 1:colcon.colcon_core.package_discovery:discover_packages(path) using defaults
[0.647s] Level 1:colcon.colcon_core.package_discovery:discover_packages(prefix_path) check parameters
[0.647s] Level 1:colcon.colcon_core.package_discovery:discover_packages(prefix_path) discover
[0.649s] DEBUG:colcon.colcon_installed_package_information.package_discovery:Found 89 installed packages in /opt/ros/humble
[0.650s] Level 1:colcon.colcon_core.package_discovery:discover_packages(prefix_path) using defaults
[0.664s] Level 5:colcon.colcon_core.verb:set package 'ngetestyahbot' build argument 'cmake_args' from command line to 'None'
[0.664s] Level 5:colcon.colcon_core.verb:set package 'ngetestyahbot' build argument 'cmake_target' from command line to 'None'
[0.664s] Level 5:colcon.colcon_core.verb:set package 'ngetestyahbot' build argument 'cmake_target_skip_unavailable' from command line to 'False'
[0.664s] Level 5:colcon.colcon_core.verb:set package 'ngetestyahbot' build argument 'cmake_clean_cache' from command line to 'False'
[0.664s] Level 5:colcon.colcon_core.verb:set package 'ngetestyahbot' build argument 'cmake_clean_first' from command line to 'False'
[0.664s] Level 5:colcon.colcon_core.verb:set package 'ngetestyahbot' build argument 'cmake_force_configure' from command line to 'False'
[0.664s] Level 5:colcon.colcon_core.verb:set package 'ngetestyahbot' build argument 'ament_cmake_args' from command line to 'None'
[0.664s] Level 5:colcon.colcon_core.verb:set package 'ngetestyahbot' build argument 'catkin_cmake_args' from command line to 'None'
[0.664s] Level 5:colcon.colcon_core.verb:set package 'ngetestyahbot' build argument 'catkin_skip_building_tests' from command line to 'False'
[0.664s] DEBUG:colcon.colcon_core.verb:Building package 'ngetestyahbot' with the following arguments: {'ament_cmake_args': None, 'build_base': '/home/ubuntunya-faris/ITB/URO/ROS_Rasppi_to_STM_min-bluepill-/raspberry_pi_ws/build/ngetestyahbot', 'catkin_cmake_args': None, 'catkin_skip_building_tests': False, 'cmake_args': None, 'cmake_clean_cache': False, 'cmake_clean_first': False, 'cmake_force_configure': False, 'cmake_target': None, 'cmake_target_skip_unavailable': False, 'install_base': '/home/ubuntunya-faris/ITB/URO/ROS_Rasppi_to_STM_min-bluepill-/raspberry_pi_ws/install/ngetestyahbot', 'merge_install': False, 'path': '/home/ubuntunya-faris/ITB/URO/ROS_Rasppi_to_STM_min-bluepill-/raspberry_pi_ws/ngetestyahbot', 'symlink_install': False, 'test_result_base': None}
[0.665s] INFO:colcon.colcon_core.executor:Executing jobs using 'parallel' executor
[0.666s] DEBUG:colcon.colcon_parallel_executor.executor.parallel:run_until_complete
[0.667s] INFO:colcon.colcon_ros.task.ament_cmake.build:Building ROS package in '/home/ubuntunya-faris/ITB/URO/ROS_Rasppi_to_STM_min-bluepill-/raspberry_pi_ws/ngetestyahbot' with build type 'ament_cmake'
[0.667s] INFO:colcon.colcon_cmake.task.cmake.build:Building CMake package in '/home/ubuntunya-faris/ITB/URO/ROS_Rasppi_to_STM_min-bluepill-/raspberry_pi_ws/ngetestyahbot'
[0.671s] INFO:colcon.colcon_core.plugin_system:Skipping extension 'colcon_core.shell.bat': Not used on non-Windows systems
[0.671s] INFO:colcon.colcon_core.shell:Skip shell extension 'powershell' for command environment: Not usable outside of PowerShell
[0.671s] DEBUG:colcon.colcon_core.shell:Skip shell extension 'dsv' for command environment
[0.686s] DEBUG:colcon.colcon_core.event_handler.log_command:Invoking command in '/home/ubuntunya-faris/ITB/URO/ROS_Rasppi_to_STM_min-bluepill-/raspberry_pi_ws/build/ngetestyahbot': CMAKE_PREFIX_PATH=/opt/ros/humble /usr/bin/cmake /home/ubuntunya-faris/ITB/URO/ROS_Rasppi_to_STM_min-bluepill-/raspberry_pi_ws/ngetestyahbot -DCMAKE_INSTALL_PREFIX=/home/ubuntunya-faris/ITB/URO/ROS_Rasppi_to_STM_min-bluepill-/raspberry_pi_ws/install/ngetestyahbot
[4.287s] DEBUG:colcon.colcon_core.event_handler.log_command:Invoked command in '/home/ubuntunya-faris/ITB/URO/ROS_Rasppi_to_STM_min-bluepill-/raspberry_pi_ws/build/ngetestyahbot' returned '0': CMAKE_PREFIX_PATH=/opt/ros/humble /usr/bin/cmake /home/ubuntunya-faris/ITB/URO/ROS_Rasppi_to_STM_min-bluepill-/raspberry_pi_ws/ngetestyahbot -DCMAKE_INSTALL_PREFIX=/home/ubuntunya-faris/ITB/URO/ROS_Rasppi_to_STM_min-bluepill-/raspberry_pi_ws/install/ngetestyahbot
[4.297s] DEBUG:colcon.colcon_core.event_handler.log_command:Invoking command in '/home/ubuntunya-faris/ITB/URO/ROS_Rasppi_to_STM_min-bluepill-/raspberry_pi_ws/build/ngetestyahbot': CMAKE_PREFIX_PATH=/opt/ros/humble /usr/bin/cmake --build /home/ubuntunya-faris/ITB/URO/ROS_Rasppi_to_STM_min-bluepill-/raspberry_pi_ws/build/ngetestyahbot -- -j16 -l16
[18.317s] DEBUG:colcon.colcon_core.event_handler.log_command:Invoked command in '/home/ubuntunya-faris/ITB/URO/ROS_Rasppi_to_STM_min-bluepill-/raspberry_pi_ws/build/ngetestyahbot' returned '0': CMAKE_PREFIX_PATH=/opt/ros/humble /usr/bin/cmake --build /home/ubuntunya-faris/ITB/URO/ROS_Rasppi_to_STM_min-bluepill-/raspberry_pi_ws/build/ngetestyahbot -- -j16 -l16
[18.360s] DEBUG:colcon.colcon_core.event_handler.log_command:Invoking command in '/home/ubuntunya-faris/ITB/URO/ROS_Rasppi_to_STM_min-bluepill-/raspberry_pi_ws/build/ngetestyahbot': CMAKE_PREFIX_PATH=/opt/ros/humble /usr/bin/cmake --install /home/ubuntunya-faris/ITB/URO/ROS_Rasppi_to_STM_min-bluepill-/raspberry_pi_ws/build/ngetestyahbot
[18.423s] Level 1:colcon.colcon_core.environment:create_environment_scripts_only(ngetestyahbot)
[18.426s] DEBUG:colcon.colcon_core.event_handler.log_command:Invoked command in '/home/ubuntunya-faris/ITB/URO/ROS_Rasppi_to_STM_min-bluepill-/raspberry_pi_ws/build/ngetestyahbot' returned '0': CMAKE_PREFIX_PATH=/opt/ros/humble /usr/bin/cmake --install /home/ubuntunya-faris/ITB/URO/ROS_Rasppi_to_STM_min-bluepill-/raspberry_pi_ws/build/ngetestyahbot
[18.435s] Level 1:colcon.colcon_core.environment:checking '/home/ubuntunya-faris/ITB/URO/ROS_Rasppi_to_STM_min-bluepill-/raspberry_pi_ws/install/ngetestyahbot' for CMake module files
[18.440s] Level 1:colcon.colcon_core.environment:checking '/home/ubuntunya-faris/ITB/URO/ROS_Rasppi_to_STM_min-bluepill-/raspberry_pi_ws/install/ngetestyahbot' for CMake config files
[18.441s] Level 1:colcon.colcon_core.shell:create_environment_hook('ngetestyahbot', 'cmake_prefix_path')
[18.442s] INFO:colcon.colcon_core.shell:Creating environment hook '/home/ubuntunya-faris/ITB/URO/ROS_Rasppi_to_STM_min-bluepill-/raspberry_pi_ws/install/ngetestyahbot/share/ngetestyahbot/hook/cmake_prefix_path.ps1'
[18.447s] INFO:colcon.colcon_core.shell:Creating environment descriptor '/home/ubuntunya-faris/ITB/URO/ROS_Rasppi_to_STM_min-bluepill-/raspberry_pi_ws/install/ngetestyahbot/share/ngetestyahbot/hook/cmake_prefix_path.dsv'
[18.451s] INFO:colcon.colcon_core.shell:Creating environment hook '/home/ubuntunya-faris/ITB/URO/ROS_Rasppi_to_STM_min-bluepill-/raspberry_pi_ws/install/ngetestyahbot/share/ngetestyahbot/hook/cmake_prefix_path.sh'
[18.458s] Level 1:colcon.colcon_core.environment:checking '/home/ubuntunya-faris/ITB/URO/ROS_Rasppi_to_STM_min-bluepill-/raspberry_pi_ws/install/ngetestyahbot/lib'
[18.459s] Level 1:colcon.colcon_core.environment:checking '/home/ubuntunya-faris/ITB/URO/ROS_Rasppi_to_STM_min-bluepill-/raspberry_pi_ws/install/ngetestyahbot/bin'
[18.460s] Level 1:colcon.colcon_core.environment:checking '/home/ubuntunya-faris/ITB/URO/ROS_Rasppi_to_STM_min-bluepill-/raspberry_pi_ws/install/ngetestyahbot/lib/pkgconfig/ngetestyahbot.pc'
[18.461s] Level 1:colcon.colcon_core.environment:checking '/home/ubuntunya-faris/ITB/URO/ROS_Rasppi_to_STM_min-bluepill-/raspberry_pi_ws/install/ngetestyahbot/lib/python3.10/site-packages'
[18.463s] Level 1:colcon.colcon_core.environment:checking '/home/ubuntunya-faris/ITB/URO/ROS_Rasppi_to_STM_min-bluepill-/raspberry_pi_ws/install/ngetestyahbot/bin'
[18.464s] INFO:colcon.colcon_core.shell:Creating package script '/home/ubuntunya-faris/ITB/URO/ROS_Rasppi_to_STM_min-bluepill-/raspberry_pi_ws/install/ngetestyahbot/share/ngetestyahbot/package.ps1'
[18.473s] INFO:colcon.colcon_core.shell:Creating package descriptor '/home/ubuntunya-faris/ITB/URO/ROS_Rasppi_to_STM_min-bluepill-/raspberry_pi_ws/install/ngetestyahbot/share/ngetestyahbot/package.dsv'
[18.477s] INFO:colcon.colcon_core.shell:Creating package script '/home/ubuntunya-faris/ITB/URO/ROS_Rasppi_to_STM_min-bluepill-/raspberry_pi_ws/install/ngetestyahbot/share/ngetestyahbot/package.sh'
[18.483s] INFO:colcon.colcon_core.shell:Creating package script '/home/ubuntunya-faris/ITB/URO/ROS_Rasppi_to_STM_min-bluepill-/raspberry_pi_ws/install/ngetestyahbot/share/ngetestyahbot/package.bash'
[18.489s] INFO:colcon.colcon_core.shell:Creating package script '/home/ubuntunya-faris/ITB/URO/ROS_Rasppi_to_STM_min-bluepill-/raspberry_pi_ws/install/ngetestyahbot/share/ngetestyahbot/package.zsh'
[18.495s] Level 1:colcon.colcon_core.environment:create_file_with_runtime_dependencies(/home/ubuntunya-faris/ITB/URO/ROS_Rasppi_to_STM_min-bluepill-/raspberry_pi_ws/install/ngetestyahbot/share/colcon-core/packages/ngetestyahbot)
[18.498s] Level 1:colcon.colcon_core.environment:create_environment_scripts_only(ngetestyahbot)
[18.499s] Level 1:colcon.colcon_core.environment:checking '/home/ubuntunya-faris/ITB/URO/ROS_Rasppi_to_STM_min-bluepill-/raspberry_pi_ws/install/ngetestyahbot' for CMake module files
[18.501s] Level 1:colcon.colcon_core.environment:checking '/home/ubuntunya-faris/ITB/URO/ROS_Rasppi_to_STM_min-bluepill-/raspberry_pi_ws/install/ngetestyahbot' for CMake config files
[18.502s] Level 1:colcon.colcon_core.shell:create_environment_hook('ngetestyahbot', 'cmake_prefix_path')
[18.503s] INFO:colcon.colcon_core.shell:Creating environment hook '/home/ubuntunya-faris/ITB/URO/ROS_Rasppi_to_STM_min-bluepill-/raspberry_pi_ws/install/ngetestyahbot/share/ngetestyahbot/hook/cmake_prefix_path.ps1'
[18.506s] INFO:colcon.colcon_core.shell:Creating environment descriptor '/home/ubuntunya-faris/ITB/URO/ROS_Rasppi_to_STM_min-bluepill-/raspberry_pi_ws/install/ngetestyahbot/share/ngetestyahbot/hook/cmake_prefix_path.dsv'
[18.510s] INFO:colcon.colcon_core.shell:Creating environment hook '/home/ubuntunya-faris/ITB/URO/ROS_Rasppi_to_STM_min-bluepill-/raspberry_pi_ws/install/ngetestyahbot/share/ngetestyahbot/hook/cmake_prefix_path.sh'
[18.516s] Level 1:colcon.colcon_core.environment:checking '/home/ubuntunya-faris/ITB/URO/ROS_Rasppi_to_STM_min-bluepill-/raspberry_pi_ws/install/ngetestyahbot/lib'
[18.517s] Level 1:colcon.colcon_core.environment:checking '/home/ubuntunya-faris/ITB/URO/ROS_Rasppi_to_STM_min-bluepill-/raspberry_pi_ws/install/ngetestyahbot/bin'
[18.517s] Level 1:colcon.colcon_core.environment:checking '/home/ubuntunya-faris/ITB/URO/ROS_Rasppi_to_STM_min-bluepill-/raspberry_pi_ws/install/ngetestyahbot/lib/pkgconfig/ngetestyahbot.pc'
[18.518s] Level 1:colcon.colcon_core.environment:checking '/home/ubuntunya-faris/ITB/URO/ROS_Rasppi_to_STM_min-bluepill-/raspberry_pi_ws/install/ngetestyahbot/lib/python3.10/site-packages'
[18.520s] Level 1:colcon.colcon_core.environment:checking '/home/ubuntunya-faris/ITB/URO/ROS_Rasppi_to_STM_min-bluepill-/raspberry_pi_ws/install/ngetestyahbot/bin'
[18.522s] INFO:colcon.colcon_core.shell:Creating package script '/home/ubuntunya-faris/ITB/URO/ROS_Rasppi_to_STM_min-bluepill-/raspberry_pi_ws/install/ngetestyahbot/share/ngetestyahbot/package.ps1'
[18.526s] INFO:colcon.colcon_core.shell:Creating package descriptor '/home/ubuntunya-faris/ITB/URO/ROS_Rasppi_to_STM_min-bluepill-/raspberry_pi_ws/install/ngetestyahbot/share/ngetestyahbot/package.dsv'
[18.530s] INFO:colcon.colcon_core.shell:Creating package script '/home/ubuntunya-faris/ITB/URO/ROS_Rasppi_to_STM_min-bluepill-/raspberry_pi_ws/install/ngetestyahbot/share/ngetestyahbot/package.sh'
[18.533s] INFO:colcon.colcon_core.shell:Creating package script '/home/ubuntunya-faris/ITB/URO/ROS_Rasppi_to_STM_min-bluepill-/raspberry_pi_ws/install/ngetestyahbot/share/ngetestyahbot/package.bash'
[18.536s] INFO:colcon.colcon_core.shell:Creating package script '/home/ubuntunya-faris/ITB/URO/ROS_Rasppi_to_STM_min-bluepill-/raspberry_pi_ws/install/ngetestyahbot/share/ngetestyahbot/package.zsh'
[18.539s] Level 1:colcon.colcon_core.environment:create_file_with_runtime_dependencies(/home/ubuntunya-faris/ITB/URO/ROS_Rasppi_to_STM_min-bluepill-/raspberry_pi_ws/install/ngetestyahbot/share/colcon-core/packages/ngetestyahbot)
[18.540s] DEBUG:colcon.colcon_parallel_executor.executor.parallel:closing loop
[18.542s] DEBUG:colcon.colcon_parallel_executor.executor.parallel:loop closed
[18.542s] DEBUG:colcon.colcon_parallel_executor.executor.parallel:run_until_complete finished with '0'
[18.543s] DEBUG:colcon.colcon_core.event_reactor:joining thread
[18.567s] INFO:colcon.colcon_core.plugin_system:Skipping extension 'colcon_notification.desktop_notification.notify_send': Could not find 'notify-send'
[18.568s] INFO:colcon.colcon_core.plugin_system:Skipping extension 'colcon_notification.desktop_notification.terminal_notifier': Not used on non-Darwin systems
[18.568s] INFO:colcon.colcon_core.plugin_system:Skipping extension 'colcon_notification.desktop_notification.win32': Not used on non-Windows systems
[18.568s] INFO:colcon.colcon_notification.desktop_notification:Sending desktop notification using 'notify2'
[18.642s] DEBUG:colcon.colcon_core.event_reactor:joined thread
[18.644s] INFO:colcon.colcon_core.shell:Creating prefix script '/home/ubuntunya-faris/ITB/URO/ROS_Rasppi_to_STM_min-bluepill-/raspberry_pi_ws/install/local_setup.ps1'
[18.652s] INFO:colcon.colcon_core.shell:Creating prefix util module '/home/ubuntunya-faris/ITB/URO/ROS_Rasppi_to_STM_min-bluepill-/raspberry_pi_ws/install/_local_setup_util_ps1.py'
[18.663s] INFO:colcon.colcon_core.shell:Creating prefix chain script '/home/ubuntunya-faris/ITB/URO/ROS_Rasppi_to_STM_min-bluepill-/raspberry_pi_ws/install/setup.ps1'
[18.670s] INFO:colcon.colcon_core.shell:Creating prefix script '/home/ubuntunya-faris/ITB/URO/ROS_Rasppi_to_STM_min-bluepill-/raspberry_pi_ws/install/local_setup.sh'
[18.675s] INFO:colcon.colcon_core.shell:Creating prefix util module '/home/ubuntunya-faris/ITB/URO/ROS_Rasppi_to_STM_min-bluepill-/raspberry_pi_ws/install/_local_setup_util_sh.py'
[18.684s] INFO:colcon.colcon_core.shell:Creating prefix chain script '/home/ubuntunya-faris/ITB/URO/ROS_Rasppi_to_STM_min-bluepill-/raspberry_pi_ws/install/setup.sh'
[18.693s] INFO:colcon.colcon_core.shell:Creating prefix script '/home/ubuntunya-faris/ITB/URO/ROS_Rasppi_to_STM_min-bluepill-/raspberry_pi_ws/install/local_setup.bash'
[18.699s] INFO:colcon.colcon_core.shell:Creating prefix chain script '/home/ubuntunya-faris/ITB/URO/ROS_Rasppi_to_STM_min-bluepill-/raspberry_pi_ws/install/setup.bash'
[18.707s] INFO:colcon.colcon_core.shell:Creating prefix script '/home/ubuntunya-faris/ITB/URO/ROS_Rasppi_to_STM_min-bluepill-/raspberry_pi_ws/install/local_setup.zsh'
[18.711s] INFO:colcon.colcon_core.shell:Creating prefix chain script '/home/ubuntunya-faris/ITB/URO/ROS_Rasppi_to_STM_min-bluepill-/raspberry_pi_ws/install/setup.zsh'
